<?xml version="1.0" encoding="UTF-8"?>
<!-- Generated by org.testng.reporters.JUnitReportReporter -->
<testsuite hostname="LAPTOP-B9B0F96F" failures="0" tests="4" name="api.test.UserTest2" time="14.153" errors="0" timestamp="2023-06-23T08:33:24 IST" skipped="0">
  <testcase classname="api.test.UserTest2" name="testPostUser" time="5.655"/>
  <testcase classname="api.test.UserTest2" name="testGetUserByName" time="1.975"/>
  <testcase classname="api.test.UserTest2" name="testUpdateUserByName" time="4.418"/>
  <testcase classname="api.test.UserTest2" name="deleteUserByName" time="2.105"/>
</testsuite> <!-- api.test.UserTest2 -->
