<?xml version="1.0" encoding="UTF-8"?>
<!-- Generated by org.testng.reporters.JUnitReportReporter -->
<testsuite hostname="LAPTOP-B9B0F96F" failures="0" tests="4" name="api.test.UserTest" time="13.544" errors="0" timestamp="2023-06-23T08:04:41 IST" skipped="0">
  <testcase classname="api.test.UserTest" name="testPostUser" time="5.282"/>
  <testcase classname="api.test.UserTest" name="testGetUserByName" time="2.128"/>
  <testcase classname="api.test.UserTest" name="testUpdateUserByName" time="4.086"/>
  <testcase classname="api.test.UserTest" name="deleteUserByName" time="2.048"/>
</testsuite> <!-- api.test.UserTest -->
